Build started 10/3/2023 8:34:13 AM.
     1>Project "D:\Users\s11219309\Downloads\A2_S11219309_S11221041\A2_S11219309_S11221041\A2_S11219309_S11221041.vcxproj" on node 2 (build target(s)).
     1>InitializeBuildStatus:
         Creating "Debug\A2_S11219309_S11221041.unsuccessfulbuild" because "AlwaysCreate" was specified.
       ClCompile:
         C:\Program Files (x86)\Microsoft Visual Studio 10.0\VC\bin\CL.exe /c /ZI /nologo /W3 /WX- /Od /Oy- /D WIN32 /D _DEBUG /D _CONSOLE /D _UNICODE /D UNICODE /Gm /EHsc /RTC1 /MDd /GS /fp:precise /Zc:wchar_t /Zc:forScope /Fo"Debug\\" /Fd"Debug\vc100.pdb" /Gd /TP /analyze- /errorReport:prompt List.cpp main.cpp
         main.cpp
         List.cpp
         Generating Code...
       ManifestResourceCompile:
         All outputs are up-to-date.
       Link:
         C:\Program Files (x86)\Microsoft Visual Studio 10.0\VC\bin\link.exe /ERRORREPORT:PROMPT /OUT:"D:\Users\s11219309\Downloads\A2_S11219309_S11221041\Debug\A2_S11219309_S11221041.exe" /INCREMENTAL /NOLOGO kernel32.lib user32.lib gdi32.lib winspool.lib comdlg32.lib advapi32.lib shell32.lib ole32.lib oleaut32.lib uuid.lib odbc32.lib odbccp32.lib /MANIFEST /ManifestFile:"Debug\A2_S11219309_S11221041.exe.intermediate.manifest" /MANIFESTUAC:"level='asInvoker' uiAccess='false'" /DEBUG /PDB:"D:\Users\s11219309\Downloads\A2_S11219309_S11221041\Debug\A2_S11219309_S11221041.pdb" /SUBSYSTEM:CONSOLE /TLBID:1 /DYNAMICBASE /NXCOMPAT /IMPLIB:"D:\Users\s11219309\Downloads\A2_S11219309_S11221041\Debug\A2_S11219309_S11221041.lib" /MACHINE:X86 Debug\A2_S11219309_S11221041.exe.embed.manifest.res
         Debug\List.obj
         Debug\main.obj
       Manifest:
         C:\Program Files (x86)\Microsoft SDKs\Windows\v7.0A\bin\mt.exe /nologo /verbose /out:"Debug\A2_S11219309_S11221041.exe.embed.manifest" /manifest Debug\A2_S11219309_S11221041.exe.intermediate.manifest
         All outputs are up-to-date.
       LinkEmbedManifest:
         All outputs are up-to-date.
         A2_S11219309_S11221041.vcxproj -> D:\Users\s11219309\Downloads\A2_S11219309_S11221041\Debug\A2_S11219309_S11221041.exe
       FinalizeBuildStatus:
         Deleting file "Debug\A2_S11219309_S11221041.unsuccessfulbuild".
         Touching "Debug\A2_S11219309_S11221041.lastbuildstate".
     1>Done Building Project "D:\Users\s11219309\Downloads\A2_S11219309_S11221041\A2_S11219309_S11221041\A2_S11219309_S11221041.vcxproj" (build target(s)).

Build succeeded.

Time Elapsed 00:00:00.94
